1 1 24999 1.14029331083
1 2 12499 1.13341309812
1 4 6249 1.12201205865
1 8 3124 1.12546173389
2 1 24998 1.15339872098
2 2 12499 1.1238363039
2 4 6249 1.1037616934
2 8 3124 1.1643258788
4 1 24996 1.10371124431
4 2 12498 1.14859565153
4 4 6249 1.13573991965
4 8 3124 1.12229122722
8 1 24992 1.11722181785
8 2 12496 1.10648055035
8 4 6248 1.15814511475
8 8 3124 1.09622454417
1 1 24999 1.05616467313
1 2 12499 1.08307857965
1 4 6249 1.14870353782
1 8 3124 1.07865124313
2 1 24998 1.09384214571
2 2 12499 1.05342342543
2 4 6249 1.05382511419
2 8 3124 1.10436685669
4 1 24996 1.03553496352
4 2 12498 1.07590053723
4 4 6249 1.05915904279
4 8 3124 1.09791124028
8 1 24992 1.08036225907
8 2 12496 1.08648316877
8 4 6248 1.06019688458
8 8 3124 1.07593291678
