1 1 24999 0.585413523241
1 2 12499 0.549568849393
1 4 6249 0.583131629086
1 8 3124 0.580515307308
2 1 24998 0.563644119067
2 2 12499 0.596079057647
2 4 6249 0.580906494638
2 8 3124 0.556951058418
4 1 24996 0.596621234798
4 2 12498 0.534014234669
4 4 6249 0.533838511099
4 8 3124 0.555339654465
8 1 24992 0.563123021492
8 2 12496 0.581915802905
8 4 6248 0.540181871454
8 8 3124 0.583255378796
1 1 24999 0.892267986673
1 2 12499 0.884532400574
1 4 6249 0.93170680437
1 8 3124 0.871248892949
2 1 24998 0.938850540101
2 2 12499 0.866599718995
2 4 6249 0.875257129328
2 8 3124 0.839447285088
4 1 24996 0.910753577071
4 2 12498 0.917373846695
4 4 6249 0.911182863097
4 8 3124 0.890331221048
8 1 24992 0.92465715302
8 2 12496 0.868908960695
8 4 6248 0.932637679699
8 8 3124 0.923026300809
