1 1 24999 0.72513992055
1 2 12499 0.735228225622
1 4 6249 0.65769890309
1 8 3124 0.68865400603
2 1 24998 0.657226951293
2 2 12499 0.781152141314
2 4 6249 0.70457208034
2 8 3124 0.658753433687
4 1 24996 0.702991338466
4 2 12498 0.749717395702
4 4 6249 0.595763577613
4 8 3124 0.644355478521
8 1 24992 0.712672342313
8 2 12496 0.700232107186
8 4 6248 0.718027084673
8 8 3124 0.70744049995
1 1 24999 0.952577739974
1 2 12499 0.9513923565
1 4 6249 0.97204341008
1 8 3124 0.982410967678
2 1 24998 0.969944104011
2 2 12499 0.972126996399
2 4 6249 0.990197455888
2 8 3124 0.963220187073
4 1 24996 0.962044578931
4 2 12498 1.00009787923
4 4 6249 1.00856733941
4 8 3124 0.975568224617
8 1 24992 0.976449385679
8 2 12496 0.983915084607
8 4 6248 0.982921533535
8 8 3124 1.01793590381
