1 1 24999 0.876476132545
1 2 12499 0.853838480179
1 4 6249 0.883817965164
1 8 3124 0.872100016287
2 1 24998 0.888958630433
2 2 12499 0.930758508499
2 4 6249 0.871486993215
2 8 3124 0.860896539116
4 1 24996 0.898076824427
4 2 12498 0.943179321928
4 4 6249 0.890581374955
4 8 3124 0.911768463494
8 1 24992 0.881646715141
8 2 12496 0.894605648037
8 4 6248 0.910615415313
8 8 3124 0.789317176631
1 1 24999 1.07291188485
1 2 12499 1.0413192645
1 4 6249 1.09385401003
1 8 3124 1.08851395727
2 1 24998 1.07726307631
2 2 12499 1.07730936091
2 4 6249 1.05393196841
2 8 3124 1.03837508323
4 1 24996 1.05775165209
4 2 12498 1.10138903373
4 4 6249 1.06038930665
4 8 3124 1.10790088924
8 1 24992 1.07818671653
8 2 12496 1.09561377223
8 4 6248 1.03818838202
8 8 3124 0.988004949764 
